<?xml version="1.0" encoding="UTF-8"?>
<testsuite xmlns:xsi="http://www.w3.org/2001/XMLSchema-instance" xsi:schemaLocation="https://maven.apache.org/surefire/maven-surefire-plugin/xsd/surefire-test-report.xsd" name="TestSuite" time="23.014" tests="4" errors="0" skipped="2" failures="2">
  <properties>
    <property name="java.runtime.name" value="Java(TM) SE Runtime Environment"/>
    <property name="sun.boot.library.path" value="C:\Program Files\Java\jdk1.8.0_181\jre\bin"/>
    <property name="java.vm.version" value="25.181-b13"/>
    <property name="java.vm.vendor" value="Oracle Corporation"/>
    <property name="maven.multiModuleProjectDirectory" value="C:\Users\Jomonli\workspace\IVAPP_Automation"/>
    <property name="java.vendor.url" value="http://java.oracle.com/"/>
    <property name="path.separator" value=";"/>
    <property name="guice.disable.misplaced.annotation.check" value="true"/>
    <property name="java.vm.name" value="Java HotSpot(TM) 64-Bit Server VM"/>
    <property name="file.encoding.pkg" value="sun.io"/>
    <property name="user.script" value=""/>
    <property name="user.country" value="US"/>
    <property name="sun.java.launcher" value="SUN_STANDARD"/>
    <property name="sun.os.patch.level" value=""/>
    <property name="java.vm.specification.name" value="Java Virtual Machine Specification"/>
    <property name="user.dir" value="C:\Users\Jomonli\workspace\IVAPP_Automation"/>
    <property name="java.runtime.version" value="1.8.0_181-b13"/>
    <property name="java.awt.graphicsenv" value="sun.awt.Win32GraphicsEnvironment"/>
    <property name="basedir" value="C:\Users\Jomonli\workspace\IVAPP_Automation"/>
    <property name="java.endorsed.dirs" value="C:\Program Files\Java\jdk1.8.0_181\jre\lib\endorsed"/>
    <property name="os.arch" value="amd64"/>
    <property name="java.io.tmpdir" value="C:\Users\Jomonli\AppData\Local\Temp\"/>
    <property name="line.separator" value="&#10;"/>
    <property name="java.vm.specification.vendor" value="Oracle Corporation"/>
    <property name="user.variant" value=""/>
    <property name="os.name" value="Windows 10"/>
    <property name="classworlds.conf" value="C:\Program Files\apache-maven-3\bin\..\bin\m2.conf"/>
    <property name="sun.jnu.encoding" value="Cp1252"/>
    <property name="java.library.path" value="C:\Program Files\Java\jdk1.8.0_181\bin;C:\WINDOWS\Sun\Java\bin;C:\WINDOWS\system32;C:\WINDOWS;C:\Program Files (x86)\Common Files\Oracle\Java\javapath;C:\Program Files (x86)\Intel\Intel(R) Management Engine Components\iCLS\;C:\Program Files\Intel\Intel(R) Management Engine Components\iCLS\;C:\WINDOWS\system32;C:\WINDOWS;C:\WINDOWS\System32\Wbem;C:\WINDOWS\System32\WindowsPowerShell\v1.0\;C:\Program Files (x86)\Intel\Intel(R) Management Engine Components\DAL;C:\Program Files\Intel\Intel(R) Management Engine Components\DAL;C:\Program Files (x86)\Intel\Intel(R) Management Engine Components\IPT;C:\Program Files\Intel\Intel(R) Management Engine Components\IPT;c:\Program Files (x86)\Sennheiser\SoftphoneSDK\;C:\program files\Java\jre8\bin;C:\Program Files\nodejs\;C:\Program Files\apache-maven-3\bin;C:\Program Files (x86)\Webex\Webex\Applications;C:\WINDOWS\System32\OpenSSH\;C:\Program Files\PuTTY\;C:\Program Files\Intel\WiFi\bin\;C:\Program Files\Common Files\Intel\WirelessCommon\;C:\Users\Jomonli\AppData\Local\Microsoft\WindowsApps;C:\Users\Jomonli\AppData\Local\Programs\Git\cmd;C:\Users\Jomonli\AppData\Local\GitHubDesktop\bin;C:\Program Files\Java\jdk1.8.0_181\bin;C:\Users\Jomonli\AppData\Local\android\sdk\tools\bin;C:\Users\Jomonli\AppData\Local\android\sdk\tools;C:\Users\Jomonli\AppData\Local\android\sdk\platform-tools;;%USERPROFILE%\AppData\Local\Microsoft\WindowsApps;."/>
    <property name="surefire.test.class.path" value="C:\Users\Jomonli\workspace\IVAPP_Automation\target\test-classes;C:\Users\Jomonli\workspace\IVAPP_Automation\target\classes;C:\Users\Jomonli\.m2\repository\junit\junit\3.8.1\junit-3.8.1.jar;C:\Users\Jomonli\.m2\repository\com\googlecode\json-simple\json-simple\1.1.1\json-simple-1.1.1.jar;C:\Users\Jomonli\.m2\repository\org\seleniumhq\selenium\selenium-java\4.0.0-alpha-1\selenium-java-4.0.0-alpha-1.jar;C:\Users\Jomonli\.m2\repository\org\seleniumhq\selenium\selenium-chrome-driver\4.0.0-alpha-1\selenium-chrome-driver-4.0.0-alpha-1.jar;C:\Users\Jomonli\.m2\repository\org\seleniumhq\selenium\selenium-remote-driver\4.0.0-alpha-1\selenium-remote-driver-4.0.0-alpha-1.jar;C:\Users\Jomonli\.m2\repository\net\bytebuddy\byte-buddy\1.9.12\byte-buddy-1.9.12.jar;C:\Users\Jomonli\.m2\repository\org\apache\commons\commons-exec\1.3\commons-exec-1.3.jar;C:\Users\Jomonli\.m2\repository\com\squareup\okhttp3\okhttp\3.14.0\okhttp-3.14.0.jar;C:\Users\Jomonli\.m2\repository\com\squareup\okio\okio\1.17.2\okio-1.17.2.jar;C:\Users\Jomonli\.m2\repository\org\seleniumhq\selenium\selenium-edge-driver\4.0.0-alpha-1\selenium-edge-driver-4.0.0-alpha-1.jar;C:\Users\Jomonli\.m2\repository\org\seleniumhq\selenium\selenium-firefox-xpi-driver\4.0.0-alpha-1\selenium-firefox-xpi-driver-4.0.0-alpha-1.jar;C:\Users\Jomonli\.m2\repository\org\seleniumhq\selenium\selenium-firefox-driver\4.0.0-alpha-1\selenium-firefox-driver-4.0.0-alpha-1.jar;C:\Users\Jomonli\.m2\repository\org\seleniumhq\selenium\selenium-ie-driver\4.0.0-alpha-1\selenium-ie-driver-4.0.0-alpha-1.jar;C:\Users\Jomonli\.m2\repository\org\seleniumhq\selenium\selenium-opera-driver\4.0.0-alpha-1\selenium-opera-driver-4.0.0-alpha-1.jar;C:\Users\Jomonli\.m2\repository\org\seleniumhq\selenium\selenium-safari-driver\4.0.0-alpha-1\selenium-safari-driver-4.0.0-alpha-1.jar;C:\Users\Jomonli\.m2\repository\org\seleniumhq\selenium\selenium-support\4.0.0-alpha-1\selenium-support-4.0.0-alpha-1.jar;C:\Users\Jomonli\.m2\repository\org\seleniumhq\selenium\selenium-api\3.14.0\selenium-api-3.14.0.jar;C:\Users\Jomonli\.m2\repository\org\testng\testng\6.8\testng-6.8.jar;C:\Users\Jomonli\.m2\repository\org\beanshell\bsh\2.0b4\bsh-2.0b4.jar;C:\Users\Jomonli\.m2\repository\com\beust\jcommander\1.27\jcommander-1.27.jar;C:\Users\Jomonli\.m2\repository\org\yaml\snakeyaml\1.6\snakeyaml-1.6.jar;C:\Users\Jomonli\.m2\repository\io\qameta\allure\allure-testng\2.13.0\allure-testng-2.13.0.jar;C:\Users\Jomonli\.m2\repository\io\qameta\allure\allure-java-commons\2.13.0\allure-java-commons-2.13.0.jar;C:\Users\Jomonli\.m2\repository\io\qameta\allure\allure-model\2.13.0\allure-model-2.13.0.jar;C:\Users\Jomonli\.m2\repository\com\fasterxml\jackson\core\jackson-databind\2.9.8\jackson-databind-2.9.8.jar;C:\Users\Jomonli\.m2\repository\com\fasterxml\jackson\core\jackson-annotations\2.9.0\jackson-annotations-2.9.0.jar;C:\Users\Jomonli\.m2\repository\com\fasterxml\jackson\core\jackson-core\2.9.8\jackson-core-2.9.8.jar;C:\Users\Jomonli\.m2\repository\org\apache\tika\tika-core\1.20\tika-core-1.20.jar;C:\Users\Jomonli\.m2\repository\org\jooq\joor-java-8\0.9.10\joor-java-8-0.9.10.jar;C:\Users\Jomonli\.m2\repository\org\slf4j\slf4j-log4j12\1.5.2\slf4j-log4j12-1.5.2.jar;C:\Users\Jomonli\.m2\repository\org\slf4j\slf4j-api\1.5.2\slf4j-api-1.5.2.jar;C:\Users\Jomonli\.m2\repository\log4j\log4j\1.2.17\log4j-1.2.17.jar;C:\Users\Jomonli\.m2\repository\com\google\inject\guice\4.2.2\guice-4.2.2.jar;C:\Users\Jomonli\.m2\repository\javax\inject\javax.inject\1\javax.inject-1.jar;C:\Users\Jomonli\.m2\repository\aopalliance\aopalliance\1.0\aopalliance-1.0.jar;C:\Users\Jomonli\.m2\repository\com\google\inject\extensions\guice-servlet\4.2.2\guice-servlet-4.2.2.jar;C:\Users\Jomonli\.m2\repository\info\cukes\cucumber-guice\1.2.4\cucumber-guice-1.2.4.jar;C:\Users\Jomonli\.m2\repository\info\cukes\cucumber-java\1.2.4\cucumber-java-1.2.4.jar;C:\Users\Jomonli\.m2\repository\info\cukes\cucumber-core\1.2.4\cucumber-core-1.2.4.jar;C:\Users\Jomonli\.m2\repository\info\cukes\cucumber-html\0.2.3\cucumber-html-0.2.3.jar;C:\Users\Jomonli\.m2\repository\io\appium\java-client\6.1.0\java-client-6.1.0.jar;C:\Users\Jomonli\.m2\repository\com\google\code\gson\gson\2.8.4\gson-2.8.4.jar;C:\Users\Jomonli\.m2\repository\org\apache\httpcomponents\httpclient\4.5.5\httpclient-4.5.5.jar;C:\Users\Jomonli\.m2\repository\org\apache\httpcomponents\httpcore\4.4.9\httpcore-4.4.9.jar;C:\Users\Jomonli\.m2\repository\commons-logging\commons-logging\1.2\commons-logging-1.2.jar;C:\Users\Jomonli\.m2\repository\cglib\cglib\3.2.6\cglib-3.2.6.jar;C:\Users\Jomonli\.m2\repository\org\ow2\asm\asm\6.0\asm-6.0.jar;C:\Users\Jomonli\.m2\repository\org\apache\ant\ant\1.9.6\ant-1.9.6.jar;C:\Users\Jomonli\.m2\repository\org\apache\ant\ant-launcher\1.9.6\ant-launcher-1.9.6.jar;C:\Users\Jomonli\.m2\repository\commons-validator\commons-validator\1.6\commons-validator-1.6.jar;C:\Users\Jomonli\.m2\repository\commons-beanutils\commons-beanutils\1.9.2\commons-beanutils-1.9.2.jar;C:\Users\Jomonli\.m2\repository\commons-digester\commons-digester\1.8.1\commons-digester-1.8.1.jar;C:\Users\Jomonli\.m2\repository\commons-collections\commons-collections\3.2.2\commons-collections-3.2.2.jar;C:\Users\Jomonli\.m2\repository\org\apache\commons\commons-lang3\3.7\commons-lang3-3.7.jar;C:\Users\Jomonli\.m2\repository\org\springframework\spring-context\5.0.5.RELEASE\spring-context-5.0.5.RELEASE.jar;C:\Users\Jomonli\.m2\repository\org\springframework\spring-aop\5.0.5.RELEASE\spring-aop-5.0.5.RELEASE.jar;C:\Users\Jomonli\.m2\repository\org\springframework\spring-beans\5.0.5.RELEASE\spring-beans-5.0.5.RELEASE.jar;C:\Users\Jomonli\.m2\repository\org\springframework\spring-core\5.0.5.RELEASE\spring-core-5.0.5.RELEASE.jar;C:\Users\Jomonli\.m2\repository\org\springframework\spring-jcl\5.0.5.RELEASE\spring-jcl-5.0.5.RELEASE.jar;C:\Users\Jomonli\.m2\repository\org\springframework\spring-expression\5.0.5.RELEASE\spring-expression-5.0.5.RELEASE.jar;C:\Users\Jomonli\.m2\repository\org\aspectj\aspectjweaver\1.9.1\aspectjweaver-1.9.1.jar;C:\Users\Jomonli\.m2\repository\org\openpnp\opencv\3.2.0-1\opencv-3.2.0-1.jar;C:\Users\Jomonli\.m2\repository\com\google\guava\guava\21.0\guava-21.0.jar;C:\Users\Jomonli\.m2\repository\org\apache\poi\poi\4.1.0\poi-4.1.0.jar;C:\Users\Jomonli\.m2\repository\commons-codec\commons-codec\1.12\commons-codec-1.12.jar;C:\Users\Jomonli\.m2\repository\org\apache\commons\commons-collections4\4.3\commons-collections4-4.3.jar;C:\Users\Jomonli\.m2\repository\org\apache\commons\commons-math3\3.6.1\commons-math3-3.6.1.jar;C:\Users\Jomonli\.m2\repository\com\github\mkolisnyk\cucumber-reports\0.0.3\cucumber-reports-0.0.3.jar;C:\Users\Jomonli\.m2\repository\com\cedarsoftware\json-io\2.2.31\json-io-2.2.31.jar;C:\Users\Jomonli\.m2\repository\info\cukes\cucumber-picocontainer\1.2.2\cucumber-picocontainer-1.2.2.jar;C:\Users\Jomonli\.m2\repository\info\cukes\cucumber-jvm-deps\1.0.3\cucumber-jvm-deps-1.0.3.jar;C:\Users\Jomonli\.m2\repository\info\cukes\gherkin\2.12.2\gherkin-2.12.2.jar;C:\Users\Jomonli\.m2\repository\org\picocontainer\picocontainer\2.15\picocontainer-2.15.jar;C:\Users\Jomonli\.m2\repository\info\cukes\cucumber-junit\1.2.2\cucumber-junit-1.2.2.jar;C:\Users\Jomonli\.m2\repository\net\sourceforge\htmlunit\htmlunit\2.16\htmlunit-2.16.jar;C:\Users\Jomonli\.m2\repository\xalan\xalan\2.7.1\xalan-2.7.1.jar;C:\Users\Jomonli\.m2\repository\xalan\serializer\2.7.1\serializer-2.7.1.jar;C:\Users\Jomonli\.m2\repository\org\apache\httpcomponents\httpmime\4.4.1\httpmime-4.4.1.jar;C:\Users\Jomonli\.m2\repository\net\sourceforge\htmlunit\htmlunit-core-js\2.16\htmlunit-core-js-2.16.jar;C:\Users\Jomonli\.m2\repository\xerces\xercesImpl\2.11.0\xercesImpl-2.11.0.jar;C:\Users\Jomonli\.m2\repository\xml-apis\xml-apis\1.4.01\xml-apis-1.4.01.jar;C:\Users\Jomonli\.m2\repository\net\sourceforge\nekohtml\nekohtml\1.9.22\nekohtml-1.9.22.jar;C:\Users\Jomonli\.m2\repository\net\sourceforge\cssparser\cssparser\0.9.15\cssparser-0.9.15.jar;C:\Users\Jomonli\.m2\repository\org\w3c\css\sac\1.3\sac-1.3.jar;C:\Users\Jomonli\.m2\repository\org\eclipse\jetty\websocket\websocket-client\9.2.10.v20150310\websocket-client-9.2.10.v20150310.jar;C:\Users\Jomonli\.m2\repository\org\eclipse\jetty\jetty-util\9.2.10.v20150310\jetty-util-9.2.10.v20150310.jar;C:\Users\Jomonli\.m2\repository\org\eclipse\jetty\jetty-io\9.2.10.v20150310\jetty-io-9.2.10.v20150310.jar;C:\Users\Jomonli\.m2\repository\org\eclipse\jetty\websocket\websocket-common\9.2.10.v20150310\websocket-common-9.2.10.v20150310.jar;C:\Users\Jomonli\.m2\repository\org\eclipse\jetty\websocket\websocket-api\9.2.10.v20150310\websocket-api-9.2.10.v20150310.jar;C:\Users\Jomonli\.m2\repository\org\codehaus\plexus\plexus-utils\3.0.1\plexus-utils-3.0.1.jar;C:\Users\Jomonli\.m2\repository\org\apache\maven\maven-plugin-api\2.0\maven-plugin-api-2.0.jar;C:\Users\Jomonli\.m2\repository\org\apache\maven\reporting\maven-reporting-api\2.0.8\maven-reporting-api-2.0.8.jar;C:\Users\Jomonli\.m2\repository\org\apache\maven\doxia\doxia-sink-api\1.0-alpha-9\doxia-sink-api-1.0-alpha-9.jar;C:\Users\Jomonli\.m2\repository\org\apache\maven\reporting\maven-reporting-impl\2.0.4.3\maven-reporting-impl-2.0.4.3.jar;C:\Users\Jomonli\.m2\repository\org\apache\maven\maven-project\2.0.4\maven-project-2.0.4.jar;C:\Users\Jomonli\.m2\repository\org\apache\maven\maven-settings\2.0.4\maven-settings-2.0.4.jar;C:\Users\Jomonli\.m2\repository\org\apache\maven\maven-profile\2.0.4\maven-profile-2.0.4.jar;C:\Users\Jomonli\.m2\repository\org\apache\maven\maven-model\2.0.4\maven-model-2.0.4.jar;C:\Users\Jomonli\.m2\repository\org\apache\maven\maven-artifact-manager\2.0.4\maven-artifact-manager-2.0.4.jar;C:\Users\Jomonli\.m2\repository\org\apache\maven\maven-repository-metadata\2.0.4\maven-repository-metadata-2.0.4.jar;C:\Users\Jomonli\.m2\repository\org\apache\maven\wagon\wagon-provider-api\1.0-alpha-6\wagon-provider-api-1.0-alpha-6.jar;C:\Users\Jomonli\.m2\repository\org\apache\maven\maven-artifact\2.0.4\maven-artifact-2.0.4.jar;C:\Users\Jomonli\.m2\repository\org\codehaus\plexus\plexus-container-default\1.0-alpha-9\plexus-container-default-1.0-alpha-9.jar;C:\Users\Jomonli\.m2\repository\classworlds\classworlds\1.1-alpha-2\classworlds-1.1-alpha-2.jar;C:\Users\Jomonli\.m2\repository\org\apache\maven\doxia\doxia-core\1.0\doxia-core-1.0.jar;C:\Users\Jomonli\.m2\repository\org\apache\maven\doxia\doxia-site-renderer\1.0\doxia-site-renderer-1.0.jar;C:\Users\Jomonli\.m2\repository\org\codehaus\plexus\plexus-i18n\1.0-beta-7\plexus-i18n-1.0-beta-7.jar;C:\Users\Jomonli\.m2\repository\org\codehaus\plexus\plexus-velocity\1.1.7\plexus-velocity-1.1.7.jar;C:\Users\Jomonli\.m2\repository\org\apache\velocity\velocity\1.5\velocity-1.5.jar;C:\Users\Jomonli\.m2\repository\commons-lang\commons-lang\2.1\commons-lang-2.1.jar;C:\Users\Jomonli\.m2\repository\oro\oro\2.0.8\oro-2.0.8.jar;C:\Users\Jomonli\.m2\repository\org\apache\maven\doxia\doxia-decoration-model\1.0\doxia-decoration-model-1.0.jar;C:\Users\Jomonli\.m2\repository\org\apache\maven\doxia\doxia-module-apt\1.0\doxia-module-apt-1.0.jar;C:\Users\Jomonli\.m2\repository\org\apache\maven\doxia\doxia-module-fml\1.0\doxia-module-fml-1.0.jar;C:\Users\Jomonli\.m2\repository\org\apache\maven\doxia\doxia-module-xdoc\1.0\doxia-module-xdoc-1.0.jar;C:\Users\Jomonli\.m2\repository\org\apache\maven\doxia\doxia-module-xhtml\1.0\doxia-module-xhtml-1.0.jar;C:\Users\Jomonli\.m2\repository\org\apache\maven\shared\maven-doxia-tools\1.0.2\maven-doxia-tools-1.0.2.jar;C:\Users\Jomonli\.m2\repository\org\apache\xmlbeans\xmlbeans\3.1.0\xmlbeans-3.1.0.jar;C:\Users\Jomonli\.m2\repository\org\apache\poi\poi-ooxml\4.1.0\poi-ooxml-4.1.0.jar;C:\Users\Jomonli\.m2\repository\org\apache\poi\poi-ooxml-schemas\4.1.0\poi-ooxml-schemas-4.1.0.jar;C:\Users\Jomonli\.m2\repository\org\apache\commons\commons-compress\1.18\commons-compress-1.18.jar;C:\Users\Jomonli\.m2\repository\com\github\virtuald\curvesapi\1.06\curvesapi-1.06.jar;C:\Users\Jomonli\.m2\repository\commons-io\commons-io\2.6\commons-io-2.6.jar;C:\Users\Jomonli\.m2\repository\org\apache\maven\surefire\surefire-testng-utils\2.19.1\surefire-testng-utils-2.19.1.jar;C:\Users\Jomonli\.m2\repository\org\apache\maven\surefire\surefire-grouper\2.19.1\surefire-grouper-2.19.1.jar;"/>
    <property name="maven.conf" value="C:\Program Files\apache-maven-3\bin\../conf"/>
    <property name="webdriver.ie.driver" value="C:\Users\Jomonli\Desktop\IEDriverServer.exe"/>
    <property name="java.specification.name" value="Java Platform API Specification"/>
    <property name="java.class.version" value="52.0"/>
    <property name="sun.management.compiler" value="HotSpot 64-Bit Tiered Compilers"/>
    <property name="os.version" value="10.0"/>
    <property name="library.jansi.path" value="C:\Program Files\apache-maven-3\bin\..\lib\jansi-native"/>
    <property name="user.home" value="C:\Users\Jomonli"/>
    <property name="user.timezone" value="America/New_York"/>
    <property name="java.awt.printerjob" value="sun.awt.windows.WPrinterJob"/>
    <property name="java.specification.version" value="1.8"/>
    <property name="file.encoding" value="Cp1252"/>
    <property name="user.name" value="jomonli"/>
    <property name="java.class.path" value="C:\Program Files\apache-maven-3\bin\..\boot\plexus-classworlds-2.5.2.jar"/>
    <property name="java.vm.specification.version" value="1.8"/>
    <property name="sun.arch.data.model" value="64"/>
    <property name="java.home" value="C:\Program Files\Java\jdk1.8.0_181\jre"/>
    <property name="sun.java.command" value="org.codehaus.plexus.classworlds.launcher.Launcher clean test"/>
    <property name="java.specification.vendor" value="Oracle Corporation"/>
    <property name="user.language" value="en"/>
    <property name="awt.toolkit" value="sun.awt.windows.WToolkit"/>
    <property name="java.vm.info" value="mixed mode"/>
    <property name="java.version" value="1.8.0_181"/>
    <property name="java.ext.dirs" value="C:\Program Files\Java\jdk1.8.0_181\jre\lib\ext;C:\WINDOWS\Sun\Java\lib\ext"/>
    <property name="sun.boot.class.path" value="C:\Program Files\Java\jdk1.8.0_181\jre\lib\resources.jar;C:\Program Files\Java\jdk1.8.0_181\jre\lib\rt.jar;C:\Program Files\Java\jdk1.8.0_181\jre\lib\sunrsasign.jar;C:\Program Files\Java\jdk1.8.0_181\jre\lib\jsse.jar;C:\Program Files\Java\jdk1.8.0_181\jre\lib\jce.jar;C:\Program Files\Java\jdk1.8.0_181\jre\lib\charsets.jar;C:\Program Files\Java\jdk1.8.0_181\jre\lib\jfr.jar;C:\Program Files\Java\jdk1.8.0_181\jre\classes"/>
    <property name="sun.stderr.encoding" value="cp437"/>
    <property name="java.vendor" value="Oracle Corporation"/>
    <property name="maven.home" value="C:\Program Files\apache-maven-3\bin\.."/>
    <property name="localRepository" value="C:\Users\Jomonli\.m2\repository"/>
    <property name="file.separator" value="\"/>
    <property name="java.vendor.url.bug" value="http://bugreport.sun.com/bugreport/"/>
    <property name="sun.cpu.endian" value="little"/>
    <property name="sun.io.unicode.encoding" value="UnicodeLittle"/>
    <property name="sun.stdout.encoding" value="cp437"/>
    <property name="sun.desktop" value="windows"/>
    <property name="sun.cpu.isalist" value="amd64"/>
  </properties>
  <testcase name="LoginTest" classname="com.IVAPP.qa.OffShoreTestCases.LoginPageTest" time="0.53">
    <failure message="org/openqa/selenium/interactions/Coordinates" type="java.lang.NoClassDefFoundError">java.lang.NoClassDefFoundError: org/openqa/selenium/interactions/Coordinates
	at com.IVAPP.qa.OffShoreTestCases.LoginPageTest.LoginTest(LoginPageTest.java:59)
Caused by: java.lang.ClassNotFoundException: org.openqa.selenium.interactions.Coordinates
	at com.IVAPP.qa.OffShoreTestCases.LoginPageTest.LoginTest(LoginPageTest.java:59)
</failure>
    <system-out><![CDATA[10-23-2019 11:44:22 LoginPageTest.java INFO  [main] OffShoreTestCases.LoginPageTest 44 - Launching browser IE
10-23-2019 11:44:22 AllureLifecycle.java ERROR [main] allure.AllureLifecycle 251 - Could not update test fixture: test fixture with uuid ce2953d1-5767-4375-8df4-5a2562780915 not found
10-23-2019 11:44:22 AllureLifecycle.java ERROR [main] allure.AllureLifecycle 269 - Could not stop test fixture: test fixture with uuid ce2953d1-5767-4375-8df4-5a2562780915 not found
10-23-2019 11:44:22 AllureLifecycle.java ERROR [main] allure.AllureLifecycle 148 - Could not stop test container: container with uuid 929a2901-f336-418b-b2df-dd8d2ca2322c not found
10-23-2019 11:44:22 AllureLifecycle.java ERROR [main] allure.AllureLifecycle 165 - Could not write test container: container with uuid 929a2901-f336-418b-b2df-dd8d2ca2322c not found
FAILED TEST
]]></system-out>
    <system-err><![CDATA[Started InternetExplorerDriver server (32-bit)
3.14.0.0
Listening on port 23568
Only local connections are allowed
Oct 23, 2019 11:44:20 AM org.openqa.selenium.remote.ProtocolHandshake createSession
INFO: Detected dialect: W3C
]]></system-err>
  </testcase>
  <testcase name="setup" classname="com.IVAPP.qa.OffShoreTestCases.OrderQueryTest" time="14.795">
    <failure message="org/openqa/selenium/interactions/Coordinates" type="java.lang.NoClassDefFoundError">java.lang.NoClassDefFoundError: org/openqa/selenium/interactions/Coordinates
	at com.IVAPP.qa.OffShoreTestCases.OrderQueryTest.setup(OrderQueryTest.java:45)
Caused by: java.lang.ClassNotFoundException: org.openqa.selenium.interactions.Coordinates
	at com.IVAPP.qa.OffShoreTestCases.OrderQueryTest.setup(OrderQueryTest.java:45)
</failure>
    <system-out><![CDATA[10-23-2019 11:44:23 LoginPageTest.java INFO  [main] OffShoreTestCases.LoginPageTest 78 - ****************************** Browser is closed ******************************
10-23-2019 11:44:23 AllureLifecycle.java ERROR [main] allure.AllureLifecycle 251 - Could not update test fixture: test fixture with uuid 8a0dbd18-c4d5-4ead-8af7-2870ee1885fc not found
10-23-2019 11:44:24 AllureLifecycle.java ERROR [main] allure.AllureLifecycle 269 - Could not stop test fixture: test fixture with uuid 8a0dbd18-c4d5-4ead-8af7-2870ee1885fc not found
10-23-2019 11:44:24 AllureLifecycle.java ERROR [main] allure.AllureLifecycle 148 - Could not stop test container: container with uuid 34b716e6-06d4-4ad3-be25-dc8222272e1d not found
10-23-2019 11:44:24 AllureLifecycle.java ERROR [main] allure.AllureLifecycle 165 - Could not write test container: container with uuid 34b716e6-06d4-4ad3-be25-dc8222272e1d not found
10-23-2019 11:44:37 AllureLifecycle.java ERROR [main] allure.AllureLifecycle 251 - Could not update test fixture: test fixture with uuid 895ccc8d-9779-4a48-bf1c-8f99caaf5fa5 not found
10-23-2019 11:44:37 AllureLifecycle.java ERROR [main] allure.AllureLifecycle 269 - Could not stop test fixture: test fixture with uuid 895ccc8d-9779-4a48-bf1c-8f99caaf5fa5 not found
10-23-2019 11:44:37 AllureLifecycle.java ERROR [main] allure.AllureLifecycle 148 - Could not stop test container: container with uuid 942dad03-fa91-40d5-8ee0-fd20f77cb13d not found
10-23-2019 11:44:37 AllureLifecycle.java ERROR [main] allure.AllureLifecycle 165 - Could not write test container: container with uuid 942dad03-fa91-40d5-8ee0-fd20f77cb13d not found
]]></system-out>
    <system-err><![CDATA[Started InternetExplorerDriver server (32-bit)
3.14.0.0
Listening on port 15774
Only local connections are allowed
Oct 23, 2019 11:44:27 AM org.openqa.selenium.remote.ProtocolHandshake createSession
INFO: Detected dialect: W3C
]]></system-err>
  </testcase>
  <testcase name="OrderQueryOffShoreScreenTest" classname="com.IVAPP.qa.OffShoreTestCases.OrderQueryTest" time="0">
    <skipped/>
  </testcase>
  <testcase name="teardown" classname="com.IVAPP.qa.OffShoreTestCases.OrderQueryTest" time="0">
    <skipped/>
  </testcase>
</testsuite>