<?xml version="1.0" encoding="UTF-8"?>
<!-- Generated by org.testng.reporters.JUnitReportReporter -->
<testsuite hostname="DESKTOP-D4EK8RK" name="com.CoA.qa.TestCases.JobPageTest" tests="1" failures="0" timestamp="24 Sep 2019 20:25:37 GMT" time="93.422" errors="0">
  <testcase name="Equipment" time="93.422" classname="com.CoA.qa.TestCases.JobPageTest"/>
</testsuite> <!-- com.CoA.qa.TestCases.JobPageTest -->
