<?xml version="1.0" encoding="UTF-8"?>
<!-- Generated by org.testng.reporters.JUnitReportReporter -->
<testsuite hostname="DESKTOP-D4EK8RK" name="com.CoA.qa.TestCases.LoginPageTest" tests="1" failures="0" timestamp="25 Oct 2019 20:48:23 GMT" time="73.364" errors="0">
  <testcase name="loginTest" time="73.364" classname="com.CoA.qa.TestCases.LoginPageTest"/>
</testsuite> <!-- com.CoA.qa.TestCases.LoginPageTest -->
