<?xml version="1.0" encoding="UTF-8"?>
<!-- Generated by org.testng.reporters.JUnitReportReporter -->
<testsuite hostname="DESKTOP-D4EK8RK" name="com.CoA.qa.TestCases.JobPageTest" tests="1" failures="0" timestamp="2 Oct 2019 14:15:32 GMT" time="1437.960" errors="0">
  <testcase name="CircuitAttributeDataValidation" time="1437.960" classname="com.CoA.qa.TestCases.JobPageTest"/>
</testsuite> <!-- com.CoA.qa.TestCases.JobPageTest -->
