<?xml version="1.0" encoding="UTF-8"?>
<!-- Generated by org.testng.reporters.JUnitReportReporter -->
<testsuite hostname="DESKTOP-D4EK8RK" name="com.CoA.qa.TestCases.DashBoardTest" tests="1" failures="0" timestamp="12 Jul 2019 15:53:47 GMT" time="79.282" errors="0">
  <testcase name="DroppingIconSendLogTest" time="79.282" classname="com.CoA.qa.TestCases.DashBoardTest"/>
</testsuite> <!-- com.CoA.qa.TestCases.DashBoardTest -->
